<?xml version="1.0" encoding="UTF-8"?>
<!-- Generated by org.testng.reporters.JUnitXMLReporter -->
<testsuite hostname="DESKTOP-JFRSRNI" ignored="0" name="AddingContact" tests="1" failures="1" timestamp="06 Apr 2019 14:48:57 GMT" time="0.013" errors="0">
  <testcase name="AddingContact" time="0.0" classname="test.AddContactTest">
    <failure type="org.testng.TestNGException" message="
Parameter &amp;apos;name&amp;apos; is required by @Test on method AddingContact but has not been marked @Optional or defined
in C:\Users\Jeff\eclipse-workspace\Techfios-pageobject\Data\TestData.xml">
      <![CDATA[org.testng.TestNGException: 
Parameter 'name' is required by @Test on method AddingContact but has not been marked @Optional or defined
in C:\Users\Jeff\eclipse-workspace\Techfios-pageobject\Data\TestData.xml
... Removed 24 stack frames]]>
    </failure>
  </testcase> <!-- AddingContact -->
</testsuite> <!-- AddingContact -->
